<?xml version='1.0' encoding='UTF-8'?>
<testsuite hostname="meowwww-VM-2410" name="Pipeline.TOPTest" tests="1" errors="0" failures="0" skipped="0" time="3.315" timestamp="2025-01-13T00:37:08">
                     <properties>
[...]
</properties>
                     <testcase classname="Pipeline.TOPTest" name="5-Stage test" time="3.315">
                                                 
                                               </testcase>
                     <system-out><![CDATA[]]></system-out>
                     <system-err><![CDATA[]]></system-err>
                   </testsuite>